app/build/intermediates/manifest_merge_blame_file/debug/manifest-merger-blame-debug-report.txt
1<?xml version="1.0" encoding="utf-8"?>
2<manifest xmlns:android="http://schemas.android.com/apk/res/android"
3    package="com.pspdfkit.example"
4    android:versionCode="1"
5    android:versionName="1.0" >
6
7    <uses-sdk
8        android:minSdkVersion="19"
8-->src\main\AndroidManifest.xml
9        android:targetSdkVersion="29" />
9-->src\main\AndroidManifest.xml
10
11    <uses-permission android:name="android.permission.INTERNET" />
11-->src\main\AndroidManifest.xml:4:5-67
11-->src\main\AndroidManifest.xml:4:22-64
12    <uses-permission android:name="android.permission.READ_EXTERNAL_STORAGE" />
12-->src\main\AndroidManifest.xml:5:5-80
12-->src\main\AndroidManifest.xml:5:22-77
13    <uses-permission android:name="android.permission.WRITE_EXTERNAL_STORAGE" />
13-->src\main\AndroidManifest.xml:6:5-81
13-->src\main\AndroidManifest.xml:6:22-78
14
15    <application
15-->src\main\AndroidManifest.xml:8:5-29:19
16        android:name="androidx.multidex.MultiDexApplication"
17        android:allowBackup="false"
17-->src\main\AndroidManifest.xml:9:9-36
18        android:appComponentFactory="androidx.core.app.CoreComponentFactory"
18-->[androidx.core:core:1.3.1] AndroidManifest.xml:24:18-86
19        android:debuggable="true"
20        android:label="@string/app_name"
20-->src\main\AndroidManifest.xml:10:9-41
21        android:largeHeap="true"
21-->src\main\AndroidManifest.xml:11:9-33
22        android:testOnly="true"
23        android:theme="@style/AppTheme" >
23-->src\main\AndroidManifest.xml:12:9-40
24        <activity
24-->src\main\AndroidManifest.xml:13:9-21:20
25            android:name="com.pspdfkit.annotatedviewer.MainActivity"
25-->src\main\AndroidManifest.xml:14:13-69
26            android:label="@string/app_name" >
26-->src\main\AndroidManifest.xml:15:13-45
27            <intent-filter>
27-->src\main\AndroidManifest.xml:16:13-20:29
28                <action android:name="android.intent.action.MAIN" />
28-->src\main\AndroidManifest.xml:17:17-69
28-->src\main\AndroidManifest.xml:17:25-66
29
30                <category android:name="android.intent.category.LAUNCHER" />
30-->src\main\AndroidManifest.xml:19:17-77
30-->src\main\AndroidManifest.xml:19:27-74
31            </intent-filter>
32        </activity>
33        <activity
33-->src\main\AndroidManifest.xml:22:9-25:59
34            android:name="com.pspdfkit.annotatedviewer.MyActivity"
34-->src\main\AndroidManifest.xml:23:13-67
35            android:theme="@style/AppMyTheme"
35-->src\main\AndroidManifest.xml:24:13-46
36            android:windowSoftInputMode="adjustNothing" />
36-->src\main\AndroidManifest.xml:25:13-56
37
38        <meta-data
39            android:name="pspdfkit_license_key"
39-->src\main\AndroidManifest.xml:27:13-48
40            android:value="LICENSE_KEY_GOES_HERE" />
40-->src\main\AndroidManifest.xml:28:13-50
41        <!-- Printing pdf documents -->
42        <activity
42-->[com.pspdfkit:pspdfkit:6.6.0] AndroidManifest.xml:29:9-33:40
43            android:name="com.pspdfkit.document.printing.PrintActivity"
43-->[com.pspdfkit:pspdfkit:6.6.0] AndroidManifest.xml:30:13-72
44            android:configChanges="orientation|screenSize"
44-->[com.pspdfkit:pspdfkit:6.6.0] AndroidManifest.xml:31:13-59
45            android:excludeFromRecents="true"
45-->[com.pspdfkit:pspdfkit:6.6.0] AndroidManifest.xml:32:13-46
46            android:exported="false" /> <!-- Content provider used for initializing the library. -->
46-->[com.pspdfkit:pspdfkit:6.6.0] AndroidManifest.xml:33:13-37
47        <provider
47-->[com.pspdfkit:pspdfkit:6.6.0] AndroidManifest.xml:36:9-39:40
48            android:name="com.pspdfkit.PSPDFKitInitializationProvider"
48-->[com.pspdfkit:pspdfkit:6.6.0] AndroidManifest.xml:37:13-71
49            android:authorities="com.pspdfkit.example.com.pspdfkit.PSPDFKitInitializationProvider"
49-->[com.pspdfkit:pspdfkit:6.6.0] AndroidManifest.xml:38:13-95
50            android:exported="false" />
50-->[com.pspdfkit:pspdfkit:6.6.0] AndroidManifest.xml:39:13-37
51        <provider
51-->[com.pspdfkit:pspdfkit:6.6.0] AndroidManifest.xml:40:9-43:40
52            android:name="com.pspdfkit.media.AssetsContentProvider"
52-->[com.pspdfkit:pspdfkit:6.6.0] AndroidManifest.xml:41:13-68
53            android:authorities="com.pspdfkit.example.pdf.assets"
53-->[com.pspdfkit:pspdfkit:6.6.0] AndroidManifest.xml:42:13-62
54            android:exported="false" />
54-->[com.pspdfkit:pspdfkit:6.6.0] AndroidManifest.xml:43:13-37
55        <provider
55-->[com.pspdfkit:pspdfkit:6.6.0] AndroidManifest.xml:44:9-49:54
56            android:name="com.pspdfkit.document.sharing.DocumentSharingProvider"
56-->[com.pspdfkit:pspdfkit:6.6.0] AndroidManifest.xml:45:13-81
57            android:authorities="com.pspdfkit.example.pdf.share"
57-->[com.pspdfkit:pspdfkit:6.6.0] AndroidManifest.xml:46:13-61
58            android:exported="true"
58-->[com.pspdfkit:pspdfkit:6.6.0] AndroidManifest.xml:47:13-36
59            android:grantUriPermissions="true" />
59-->[com.pspdfkit:pspdfkit:6.6.0] AndroidManifest.xml:48:13-47
60    </application>
61
62</manifest>